<?xml version="1.0" encoding="UTF-8"?>
<!-- Generated by org.testng.reporters.JUnitReportReporter -->
<testsuite skipped="14" hostname="Avantis-pc1" name="cfo.CFOcountInternal" tests="15" failures="0" timestamp="2022-07-06T11:17:37 IST" time="19.253" errors="1">
  <testcase name="setBrowser" time="19.253" classname="cfo.CFOcountInternal">
    <error type="org.openqa.selenium.SessionNotCreatedException" message="session not created: This version of ChromeDriver only supports Chrome version 91
Current browser version is 103.0.5060.66 with binary path C:\Program Files (x86)\Google\Chrome\Application\chrome.exe
Build info: version: &#039;3.141.0&#039;, revision: &#039;2ecb7d9a&#039;, time: &#039;2018-10-31T20:09:30&#039;
System info: host: &#039;AVANTIS-PC1&#039;, ip: &#039;192.168.42.74&#039;, os.name: &#039;Windows 10&#039;, os.arch: &#039;amd64&#039;, os.version: &#039;10.0&#039;, java.version: &#039;1.8.0_211&#039;
Driver info: driver.version: ChromeDriver
remote stacktrace: Backtrace:
	Ordinal0 [0x00F13733+2504499]
	Ordinal0 [0x00EAC401+2081793]
	Ordinal0 [0x00DB2628+1058344]
	Ordinal0 [0x00DD071A+1181466]
	Ordinal0 [0x00DCC58C+1164684]
	Ordinal0 [0x00DC9DC3+1154499]
	Ordinal0 [0x00DF9B82+1350530]
	Ordinal0 [0x00DF97DA+1349594]
	Ordinal0 [0x00DF5D4B+1334603]
	Ordinal0 [0x00DD22B4+1188532]
	Ordinal0 [0x00DD3149+1192265]
	GetHandleVerifier [0x0108FB8C+1512252]
	GetHandleVerifier [0x0113B0DF+2214031]
	GetHandleVerifier [0x00F94BC3+484211]
	GetHandleVerifier [0x00F93E69+480793]
	Ordinal0 [0x00EB218D+2105741]
	Ordinal0 [0x00EB66E8+2123496]
	Ordinal0 [0x00EB6827+2123815]
	Ordinal0 [0x00EBFB73+2161523]
	BaseThreadInitThunk [0x75C30419+25]
	RtlGetAppContainerNamedObjectPath [0x77B5662D+237]
	RtlGetAppContainerNamedObjectPath [0x77B565FD+189]
">
      <![CDATA[org.openqa.selenium.SessionNotCreatedException: session not created: This version of ChromeDriver only supports Chrome version 91
Current browser version is 103.0.5060.66 with binary path C:\Program Files (x86)\Google\Chrome\Application\chrome.exe
Build info: version: '3.141.0', revision: '2ecb7d9a', time: '2018-10-31T20:09:30'
System info: host: 'AVANTIS-PC1', ip: '192.168.42.74', os.name: 'Windows 10', os.arch: 'amd64', os.version: '10.0', java.version: '1.8.0_211'
Driver info: driver.version: ChromeDriver
remote stacktrace: Backtrace:
Ordinal0 [0x00F13733+2504499]
Ordinal0 [0x00EAC401+2081793]
Ordinal0 [0x00DB2628+1058344]
Ordinal0 [0x00DD071A+1181466]
Ordinal0 [0x00DCC58C+1164684]
Ordinal0 [0x00DC9DC3+1154499]
Ordinal0 [0x00DF9B82+1350530]
Ordinal0 [0x00DF97DA+1349594]
Ordinal0 [0x00DF5D4B+1334603]
Ordinal0 [0x00DD22B4+1188532]
Ordinal0 [0x00DD3149+1192265]
GetHandleVerifier [0x0108FB8C+1512252]
GetHandleVerifier [0x0113B0DF+2214031]
GetHandleVerifier [0x00F94BC3+484211]
GetHandleVerifier [0x00F93E69+480793]
Ordinal0 [0x00EB218D+2105741]
Ordinal0 [0x00EB66E8+2123496]
Ordinal0 [0x00EB6827+2123815]
Ordinal0 [0x00EBFB73+2161523]
BaseThreadInitThunk [0x75C30419+25]
RtlGetAppContainerNamedObjectPath [0x77B5662D+237]
RtlGetAppContainerNamedObjectPath [0x77B565FD+189]

at sun.reflect.NativeConstructorAccessorImpl.newInstance0(Native Method)
at sun.reflect.NativeConstructorAccessorImpl.newInstance(NativeConstructorAccessorImpl.java:62)
at sun.reflect.DelegatingConstructorAccessorImpl.newInstance(DelegatingConstructorAccessorImpl.java:45)
at java.lang.reflect.Constructor.newInstance(Constructor.java:423)
at org.openqa.selenium.remote.W3CHandshakeResponse.lambda$errorHandler$0(W3CHandshakeResponse.java:62)
at org.openqa.selenium.remote.HandshakeResponse.lambda$getResponseFunction$0(HandshakeResponse.java:30)
at org.openqa.selenium.remote.ProtocolHandshake.lambda$createSession$0(ProtocolHandshake.java:123)
at java.util.stream.ReferencePipeline$3$1.accept(ReferencePipeline.java:193)
at java.util.Spliterators$ArraySpliterator.tryAdvance(Spliterators.java:958)
at java.util.stream.ReferencePipeline.forEachWithCancel(ReferencePipeline.java:126)
at java.util.stream.AbstractPipeline.copyIntoWithCancel(AbstractPipeline.java:498)
at java.util.stream.AbstractPipeline.copyInto(AbstractPipeline.java:485)
at java.util.stream.AbstractPipeline.wrapAndCopyInto(AbstractPipeline.java:471)
at java.util.stream.FindOps$FindOp.evaluateSequential(FindOps.java:152)
at java.util.stream.AbstractPipeline.evaluate(AbstractPipeline.java:234)
at java.util.stream.ReferencePipeline.findFirst(ReferencePipeline.java:464)
at org.openqa.selenium.remote.ProtocolHandshake.createSession(ProtocolHandshake.java:125)
at org.openqa.selenium.remote.ProtocolHandshake.createSession(ProtocolHandshake.java:74)
at org.openqa.selenium.remote.HttpCommandExecutor.execute(HttpCommandExecutor.java:136)
at org.openqa.selenium.remote.service.DriverCommandExecutor.execute(DriverCommandExecutor.java:83)
at org.openqa.selenium.remote.RemoteWebDriver.execute(RemoteWebDriver.java:552)
at org.openqa.selenium.remote.RemoteWebDriver.startSession(RemoteWebDriver.java:213)
at org.openqa.selenium.remote.RemoteWebDriver.<init>(RemoteWebDriver.java:131)
at org.openqa.selenium.chrome.ChromeDriver.<init>(ChromeDriver.java:181)
at org.openqa.selenium.chrome.ChromeDriver.<init>(ChromeDriver.java:168)
at org.openqa.selenium.chrome.ChromeDriver.<init>(ChromeDriver.java:123)
at login.Login.BrowserSetup(Login.java:20)
at cfo.CFOcountInternal.setBrowser(CFOcountInternal.java:73)
at sun.reflect.NativeMethodAccessorImpl.invoke0(Native Method)
at sun.reflect.NativeMethodAccessorImpl.invoke(NativeMethodAccessorImpl.java:62)
at sun.reflect.DelegatingMethodAccessorImpl.invoke(DelegatingMethodAccessorImpl.java:43)
at java.lang.reflect.Method.invoke(Method.java:498)
at org.testng.internal.MethodInvocationHelper.invokeMethod(MethodInvocationHelper.java:133)
at org.testng.internal.MethodInvocationHelper.invokeMethodConsideringTimeout(MethodInvocationHelper.java:62)
at org.testng.internal.ConfigInvoker.invokeConfigurationMethod(ConfigInvoker.java:340)
at org.testng.internal.ConfigInvoker.invokeConfigurations(ConfigInvoker.java:294)
at org.testng.TestRunner.invokeTestConfigurations(TestRunner.java:623)
at org.testng.TestRunner.beforeRun(TestRunner.java:613)
at org.testng.TestRunner.run(TestRunner.java:584)
at org.testng.SuiteRunner.runTest(SuiteRunner.java:402)
at org.testng.SuiteRunner.runSequentially(SuiteRunner.java:396)
at org.testng.SuiteRunner.privateRun(SuiteRunner.java:355)
at org.testng.SuiteRunner.run(SuiteRunner.java:304)
at org.testng.SuiteRunnerWorker.runSuite(SuiteRunnerWorker.java:53)
at org.testng.SuiteRunnerWorker.run(SuiteRunnerWorker.java:96)
at org.testng.TestNG.runSuitesSequentially(TestNG.java:1180)
at org.testng.TestNG.runSuitesLocally(TestNG.java:1102)
at org.testng.TestNG.runSuites(TestNG.java:1032)
at org.testng.TestNG.run(TestNG.java:1000)
at org.testng.remote.AbstractRemoteTestNG.run(AbstractRemoteTestNG.java:115)
at org.testng.remote.RemoteTestNG.initAndRun(RemoteTestNG.java:251)
at org.testng.remote.RemoteTestNG.main(RemoteTestNG.java:77)
]]>
    </error>
  </testcase> <!-- setBrowser -->
  <testcase name="Login" time="0.000" classname="cfo.CFOcountInternal">
    <skipped/>
  </testcase> <!-- Login -->
  <testcase name="clickCategoriesInternal" time="0.000" classname="cfo.CFOcountInternal">
    <skipped/>
  </testcase> <!-- clickCategoriesInternal -->
  <testcase name="ClickCompliancesInternal" time="0.000" classname="cfo.CFOcountInternal">
    <skipped/>
  </testcase> <!-- ClickCompliancesInternal -->
  <testcase name="clickUsersInternal" time="0.000" classname="cfo.CFOcountInternal">
    <skipped/>
  </testcase> <!-- clickUsersInternal -->
  <testcase name="NotCompleted_PieChart" time="0.000" classname="cfo.CFOcountInternal">
    <skipped/>
  </testcase> <!-- NotCompleted_PieChart -->
  <testcase name="ClosedDelayed_PieChart" time="0.000" classname="cfo.CFOcountInternal">
    <skipped/>
  </testcase> <!-- ClosedDelayed_PieChart -->
  <testcase name="ClosedTimely_PieChart" time="0.000" classname="cfo.CFOcountInternal">
    <skipped/>
  </testcase> <!-- ClosedTimely_PieChart -->
  <testcase name="NotApplicable_PieChart" time="0.000" classname="cfo.CFOcountInternal">
    <skipped/>
  </testcase> <!-- NotApplicable_PieChart -->
  <testcase name="RiskSummaryCriticalInternal" time="0.000" classname="cfo.CFOcountInternal">
    <skipped/>
  </testcase> <!-- RiskSummaryCriticalInternal -->
  <testcase name="RiskSummaryHighInternal" time="0.000" classname="cfo.CFOcountInternal">
    <skipped/>
  </testcase> <!-- RiskSummaryHighInternal -->
  <testcase name="RiskSummaryMediumInternal" time="0.000" classname="cfo.CFOcountInternal">
    <skipped/>
  </testcase> <!-- RiskSummaryMediumInternal -->
  <testcase name="RiskSummaryLowInternal" time="0.000" classname="cfo.CFOcountInternal">
    <skipped/>
  </testcase> <!-- RiskSummaryLowInternal -->
  <testcase name="DepartmentSummaryNotCompletedInternal" time="0.000" classname="cfo.CFOcountInternal">
    <skipped/>
  </testcase> <!-- DepartmentSummaryNotCompletedInternal -->
  <testcase name="GradingReportInternal" time="0.000" classname="cfo.CFOcountInternal">
    <skipped/>
  </testcase> <!-- GradingReportInternal -->
</testsuite> <!-- cfo.CFOcountInternal -->
